<?xml version="1.0" encoding="UTF-8"?>
<testng-results ignored="0" total="2" passed="2" failed="0" skipped="0">
  <reporter-output>
  </reporter-output>
  <suite started-at="2021-07-22T18:47:28Z" name="Surefire suite" finished-at="2021-07-22T18:47:28Z" duration-ms="32">
    <groups>
    </groups>
    <test started-at="2021-07-22T18:47:28Z" name="Surefire test" finished-at="2021-07-22T18:47:28Z" duration-ms="32">
      <class name="com.git.tests123.GitTest">
        <test-method signature="gitTest2_method1()[pri:0, instance:com.git.tests123.GitTest@6379eb]" started-at="2021-07-22T18:47:28Z" name="gitTest2_method1" finished-at="2021-07-22T18:47:28Z" duration-ms="9" status="PASS">
          <reporter-output>
          </reporter-output>
        </test-method> <!-- gitTest2_method1 -->
      </class> <!-- com.git.tests123.GitTest -->
      <class name="com.git.tests123.GitTest2_WithinMainTest">
        <test-method signature="GitTest2_WithinMain_method1()[pri:0, instance:com.git.tests123.GitTest2_WithinMainTest@294425a7]" started-at="2021-07-22T18:47:28Z" name="GitTest2_WithinMain_method1" finished-at="2021-07-22T18:47:28Z" duration-ms="1" status="PASS">
          <reporter-output>
          </reporter-output>
        </test-method> <!-- GitTest2_WithinMain_method1 -->
      </class> <!-- com.git.tests123.GitTest2_WithinMainTest -->
    </test> <!-- Surefire test -->
  </suite> <!-- Surefire suite -->
</testng-results>
