<?xml version="1.0" encoding="UTF-8"?>
<testsuite xmlns:xsi="http://www.w3.org/2001/XMLSchema-instance" xsi:noNamespaceSchemaLocation="https://maven.apache.org/surefire/maven-surefire-plugin/xsd/surefire-test-report.xsd" name="TestSuite" time="0.327" tests="2" errors="0" skipped="0" failures="0">
  <properties>
[...]
</properties>
  <testcase name="gitTest2_method1" classname="com.git.tests123.GitTest" time="0.008"/>
  <testcase name="GitTest2_WithinMain_method1" classname="com.git.tests123.GitTest2_WithinMainTest" time="0"/>
</testsuite>